<?xml version="1.0" encoding="UTF-8" ?>
<testsuite tests="16" failures="0" name="analyzerConditionCoverTest" time="0.027" errors="0" skipped="0">
  <properties>
    <property name="idea.version" value="2021.3"/>
    <property name="java.runtime.name" value="Java(TM) SE Runtime Environment"/>
    <property name="java.vm.version" value="17.0.9+11-LTS-201"/>
    <property name="sun.boot.library.path" value="E:\jdk\jdk17\bin"/>
    <property name="maven.multiModuleProjectDirectory" value="E:\java\yudao\test"/>
    <property name="java.vm.vendor" value="Oracle Corporation"/>
    <property name="java.vendor.url" value="https://java.oracle.com/"/>
    <property name="guice.disable.misplaced.annotation.check" value="true"/>
    <property name="path.separator" value=";"/>
    <property name="java.vm.name" value="Java HotSpot(TM) 64-Bit Server VM"/>
    <property name="sun.os.patch.level" value=""/>
    <property name="user.script" value=""/>
    <property name="user.country" value="CN"/>
    <property name="sun.java.launcher" value="SUN_STANDARD"/>
    <property name="java.vm.specification.name" value="Java Virtual Machine Specification"/>
    <property name="user.dir" value="E:\java\yudao\test"/>
    <property name="java.vm.compressedOopsMode" value="Zero based"/>
    <property name="java.runtime.version" value="17.0.9+11-LTS-201"/>
    <property name="os.arch" value="amd64"/>
    <property name="java.io.tmpdir" value="C:\Users\86136\AppData\Local\Temp\"/>
    <property name="line.separator" value="
"/>
    <property name="java.vm.specification.vendor" value="Oracle Corporation"/>
    <property name="user.variant" value=""/>
    <property name="os.name" value="Windows 11"/>
    <property name="maven.ext.class.path" value="E:\java\IntelliJ IDEA 2021.3\plugins\maven\lib\maven-event-listener.jar"/>
    <property name="classworlds.conf" value="E:\java\IntelliJ IDEA 2021.3\plugins\maven\lib\maven3\bin\m2.conf"/>
    <property name="sun.jnu.encoding" value="GBK"/>
    <property name="java.library.path" value="E:\jdk\jdk17\bin;C:\WINDOWS\Sun\Java\bin;C:\WINDOWS\system32;C:\WINDOWS;C:\Program Files\Common Files\Oracle\Java\javapath;C:\ProgramData\Oracle\Java\javapath;C:\Program Files\NVIDIA GPU Computing Toolkit\CUDA\v12.0\bin;C:\Program Files\NVIDIA GPU Computing Toolkit\CUDA\v12.0\libnvvp;E:\jdk\jdk17\bin;C:\Windows\system32;C:\Windows;C:\Windows\System32\Wbem;C:\Windows\System32\WindowsPowerShell\v1.0\;C:\Windows\System32\OpenSSH\;C:\Program Files\NVIDIA Corporation\NVIDIA NvDLISR;C:\Program Files\dotnet\;C:\matlab\runtime\win64;C:\matlab\bin;C:\matlab\polyspace\bin;C:\WINDOWS\system32;C:\WINDOWS;C:\WINDOWS\System32\Wbem;C:\WINDOWS\System32\WindowsPowerShell\v1.0\;C:\WINDOWS\System32\OpenSSH\;D:\javaweb\SQL\bin;D:\javaweb\mysql\bin;D:\javaweb\mavendownloa\apache-maven-3.6.0\bin;D:\语言笔记\maven\资料\maven安装包\apache-maven-3.6.3-bin\apache-maven-3.6.3\bin;%ERLANG_HOME%\bin;C:\Users\86136\Desktop\tools\rocketmq-4.9.2\bin;D:\GO\bin;C:\Users\86136\Desktop\tools\netcat-master;%CURL_HOME%\I386;C:\Program Files\mingw-w64\mingw64\bin;C:\Program Files (x86)\NVIDIA Corporation\PhysX\Common;E:\anaconda\Scripts;E:\anaconda\Library\bin;C:\Users\86136\Desktop\git\cmd;E:\node\;E:\gradle-8.3\bin;C:\Program Files\MySQL\MySQL Server 8.0\bin;E:\wechatApp\微信web开发者工具\dll;F:\Studyfolders\tools\zookeeper\apache-zookeeper-3.8.3-bin\bin;C:\Program Files (x86)\Windows Kits\10\Windows Performance Toolkit\;D:\python\python3.10\Scripts\;D:\python\python3.10\;C:\Users\86136\AppData\Local\Microsoft\WindowsApps;E:\java\IntelliJ IDEA 2021.3\bin;;D:\goland\GoLand 2022.1\bin;;C:\Users\86136\go\bin;D:\gosdk\go1.17\bin;C:\Program Files (x86)\Graphviz2.38\bin;D:\mingw64\bin;D:\hacker\nmap;E:\anaconda\Scripts;E:\anaconda;C:\Users\86136\AppData\Roaming\npm;E:\vscode\bin;."/>
    <property name="maven.conf" value="E:\java\IntelliJ IDEA 2021.3\plugins\maven\lib\maven3/conf"/>
    <property name="jdk.debug" value="release"/>
    <property name="java.class.version" value="61.0"/>
    <property name="java.specification.name" value="Java Platform API Specification"/>
    <property name="sun.management.compiler" value="HotSpot 64-Bit Tiered Compilers"/>
    <property name="os.version" value="10.0"/>
    <property name="user.home" value="C:\Users\86136"/>
    <property name="user.timezone" value="Asia/Hong_Kong"/>
    <property name="file.encoding" value="GBK"/>
    <property name="java.specification.version" value="17"/>
    <property name="user.name" value="86136"/>
    <property name="java.class.path" value="E:\java\IntelliJ IDEA 2021.3\plugins\maven\lib\maven3\boot\plexus-classworlds-2.6.0.jar;E:\java\IntelliJ IDEA 2021.3\plugins\maven\lib\maven3\boot\plexus-classworlds.license"/>
    <property name="java.vm.specification.version" value="17"/>
    <property name="sun.arch.data.model" value="64"/>
    <property name="sun.java.command" value="org.codehaus.classworlds.Launcher -Didea.version=2021.3 package"/>
    <property name="java.home" value="E:\jdk\jdk17"/>
    <property name="user.language" value="zh"/>
    <property name="java.specification.vendor" value="Oracle Corporation"/>
    <property name="java.vm.info" value="mixed mode, sharing"/>
    <property name="java.version" value="17.0.9"/>
    <property name="native.encoding" value="GBK"/>
    <property name="java.vendor" value="Oracle Corporation"/>
    <property name="maven.home" value="E:\java\IntelliJ IDEA 2021.3\plugins\maven\lib\maven3"/>
    <property name="file.separator" value="\"/>
    <property name="java.version.date" value="2023-10-17"/>
    <property name="java.vendor.url.bug" value="https://bugreport.java.com/bugreport/"/>
    <property name="sun.io.unicode.encoding" value="UnicodeLittle"/>
    <property name="sun.cpu.endian" value="little"/>
    <property name="sun.cpu.isalist" value="amd64"/>
  </properties>
  <testcase classname="analyzerConditionCoverTest" name="LBRACE" time="0.009"/>
  <testcase classname="analyzerConditionCoverTest" name="RBRACE" time="0"/>
  <testcase classname="analyzerConditionCoverTest" name="reserveCode" time="0.005"/>
  <testcase classname="analyzerConditionCoverTest" name="emptyTest" time="0"/>
  <testcase classname="analyzerConditionCoverTest" name="emptyTest1" time="0"/>
  <testcase classname="analyzerConditionCoverTest" name="LPAR" time="0.001"/>
  <testcase classname="analyzerConditionCoverTest" name="RPAR" time="0"/>
  <testcase classname="analyzerConditionCoverTest" name="plus" time="0.001"/>
  <testcase classname="analyzerConditionCoverTest" name="star" time="0"/>
  <testcase classname="analyzerConditionCoverTest" name="equal" time="0"/>
  <testcase classname="analyzerConditionCoverTest" name="power" time="0.001"/>
  <testcase classname="analyzerConditionCoverTest" name="errorTest" time="0"/>
  <testcase classname="analyzerConditionCoverTest" name="Identifier" time="0.007"/>
  <testcase classname="analyzerConditionCoverTest" name="Digit1" time="0.001"/>
  <testcase classname="analyzerConditionCoverTest" name="Digit2" time="0"/>
  <testcase classname="analyzerConditionCoverTest" name="SEMICOLON" time="0.002"/>
</testsuite>